<?xml version="1.0" encoding="utf-8"?><testsuites name="pytest tests"><testsuite name="pytest" errors="0" failures="0" skipped="0" tests="2" time="1.081" timestamp="2026-08-16T06:42:07.745379+00:00" hostname="agent-env-be43954f-4bdc-40b7-a166-50f836a16dd1"><testcase classname="tests.test_swachhlens_regression" name="test_live_dashboard_and_reports" time="0.356" /><testcase classname="tests.test_swachhlens_regression" name="test_report_ai_analysis_and_lifecycle" time="0.395" /></testsuite></testsuites>