<?xml version="1.0" encoding="utf-8"?><testsuites name="pytest tests"><testsuite name="pytest" errors="0" failures="0" skipped="0" tests="14" time="6.736" timestamp="2026-08-16T07:36:52.396144+00:00" hostname="agent-env-be43954f-4bdc-40b7-a166-50f836a16dd1"><testcase classname="tests.test_swachhlens_regression.TestAuth" name="test_signup_staff_requires_correct_code" time="0.155" /><testcase classname="tests.test_swachhlens_regression.TestAuth" name="test_login_and_me" time="0.569" /><testcase classname="tests.test_swachhlens_regression.TestAuth" name="test_login_wrong_password" time="0.264" /><testcase classname="tests.test_swachhlens_regression.TestAuth" name="test_me_without_token" time="0.041" /><testcase classname="tests.test_swachhlens_regression.TestRBAC" name="test_citizen_cannot_access_dashboard" time="0.043" /><testcase classname="tests.test_swachhlens_regression.TestRBAC" name="test_staff_can_access_dashboard" time="0.305" /><testcase classname="tests.test_swachhlens_regression.TestRBAC" name="test_citizen_cannot_patch_report" time="0.083" /><testcase classname="tests.test_swachhlens_regression.TestReports" name="test_create_report_no_image_fallback" time="0.042" /><testcase classname="tests.test_swachhlens_regression.TestReports" name="test_create_report_with_image_ai" time="4.059" /><testcase classname="tests.test_swachhlens_regression.TestReports" name="test_citizen_sees_only_own_reports" time="0.544" /><testcase classname="tests.test_swachhlens_regression.TestStatusFlow" name="test_assign_and_in_progress" time="0.128" /><testcase classname="tests.test_swachhlens_regression.TestStatusFlow" name="test_resolve_without_evidence_rejected" time="0.041" /><testcase classname="tests.test_swachhlens_regression.TestStatusFlow" name="test_resolve_with_evidence" time="0.042" /><testcase classname="tests.test_swachhlens_regression.TestClaimStaff" name="test_citizen_can_upgrade_with_code" time="0.346" /></testsuite></testsuites>